[ 2025-03-09 19:11:48,256 ] 1025 httpx - INFO - HTTP Request: GET https://dagshub.com/api/v1/user "HTTP/1.1 200 OK"
[ 2025-03-09 19:11:48,264 ] 107 dagshub - INFO - Accessing as sauravbisht17
[ 2025-03-09 19:11:48,428 ] 1025 httpx - INFO - HTTP Request: GET https://dagshub.com/api/v1/repos/sauravbisht17/Network_Security "HTTP/1.1 200 OK"
[ 2025-03-09 19:11:48,558 ] 1025 httpx - INFO - HTTP Request: GET https://dagshub.com/api/v1/user "HTTP/1.1 200 OK"
[ 2025-03-09 19:11:48,561 ] 107 dagshub - INFO - Initialized MLflow to track repo "sauravbisht17/Network_Security"
[ 2025-03-09 19:11:48,562 ] 107 dagshub - INFO - Repository sauravbisht17/Network_Security initialized!
[ 2025-03-09 19:11:48,577 ] 20 root - INFO - Initiate the data ingestion
[ 2025-03-09 19:11:52,115 ] 65 root - INFO - Performed train test split on the dataframe
[ 2025-03-09 19:11:52,115 ] 67 root - INFO - Exited split_data_as_train_test method of Data_Ingestion class
[ 2025-03-09 19:11:52,116 ] 75 root - INFO - Exporting train and test file path.
[ 2025-03-09 19:11:52,203 ] 84 root - INFO - Exported train and test file path.
[ 2025-03-09 19:11:52,203 ] 22 root - INFO - Data Initiation Completed
[ 2025-03-09 19:11:52,224 ] 26 root - INFO - Initiate the data Validation
[ 2025-03-09 19:11:52,302 ] 32 root - INFO - Required number of columns:2
[ 2025-03-09 19:11:52,302 ] 33 root - INFO - Data frame has columns:31
[ 2025-03-09 19:11:52,302 ] 32 root - INFO - Required number of columns:2
[ 2025-03-09 19:11:52,302 ] 33 root - INFO - Data frame has columns:31
[ 2025-03-09 19:11:52,511 ] 28 root - INFO - data Validation Completed
[ 2025-03-09 19:11:52,512 ] 31 root - INFO - data Transformation started
[ 2025-03-09 19:11:52,512 ] 63 root - INFO - Entered initiate_data_transformation method of DataTransformation class
[ 2025-03-09 19:11:52,512 ] 65 root - INFO - Starting data transformation
[ 2025-03-09 19:11:52,557 ] 48 root - INFO - Entered get_data_transformer_object method of Transformation class
[ 2025-03-09 19:11:52,557 ] 53 root - INFO - Initialise KNNImputer with {'missing_values': nan, 'n_neighbors': 3, 'weights': 'uniform'}
[ 2025-03-09 19:11:52,591 ] 46 root - INFO - Entered the save_object method of MainUtils class
[ 2025-03-09 19:11:52,598 ] 50 root - INFO - Exited the save_object method of MainUtils class
[ 2025-03-09 19:11:52,599 ] 46 root - INFO - Entered the save_object method of MainUtils class
[ 2025-03-09 19:11:52,606 ] 50 root - INFO - Exited the save_object method of MainUtils class
[ 2025-03-09 19:11:52,609 ] 35 root - INFO - data Transformation completed
[ 2025-03-09 19:11:52,609 ] 37 root - INFO - Model Training started
