[ 2025-03-09 12:52:07,463 ] 1025 httpx - INFO - HTTP Request: GET https://dagshub.com/api/v1/user "HTTP/1.1 200 OK"
[ 2025-03-09 12:52:07,475 ] 107 dagshub - INFO - Accessing as sauravbisht17
[ 2025-03-09 12:52:07,879 ] 1025 httpx - INFO - HTTP Request: GET https://dagshub.com/api/v1/repos/sauravbisht17/Network_Security "HTTP/1.1 200 OK"
[ 2025-03-09 12:52:08,081 ] 1025 httpx - INFO - HTTP Request: GET https://dagshub.com/api/v1/user "HTTP/1.1 200 OK"
[ 2025-03-09 12:52:08,084 ] 107 dagshub - INFO - Initialized MLflow to track repo "sauravbisht17/Network_Security"
[ 2025-03-09 12:52:08,086 ] 107 dagshub - INFO - Repository sauravbisht17/Network_Security initialized!
[ 2025-03-09 12:52:08,133 ] 20 root - INFO - Initiate the data ingestion
[ 2025-03-09 12:52:11,161 ] 65 root - INFO - Performed train test split on the dataframe
[ 2025-03-09 12:52:11,161 ] 67 root - INFO - Exited split_data_as_train_test method of Data_Ingestion class
[ 2025-03-09 12:52:11,164 ] 75 root - INFO - Exporting train and test file path.
[ 2025-03-09 12:52:11,274 ] 84 root - INFO - Exported train and test file path.
[ 2025-03-09 12:52:11,274 ] 22 root - INFO - Data Initiation Completed
[ 2025-03-09 12:52:11,296 ] 26 root - INFO - Initiate the data Validation
[ 2025-03-09 12:52:11,366 ] 32 root - INFO - Required number of columns:2
[ 2025-03-09 12:52:11,366 ] 33 root - INFO - Data frame has columns:31
[ 2025-03-09 12:52:11,366 ] 32 root - INFO - Required number of columns:2
[ 2025-03-09 12:52:11,366 ] 33 root - INFO - Data frame has columns:31
[ 2025-03-09 12:52:11,621 ] 28 root - INFO - data Validation Completed
[ 2025-03-09 12:52:11,624 ] 31 root - INFO - data Transformation started
[ 2025-03-09 12:52:11,624 ] 63 root - INFO - Entered initiate_data_transformation method of DataTransformation class
[ 2025-03-09 12:52:11,624 ] 65 root - INFO - Starting data transformation
[ 2025-03-09 12:52:11,661 ] 48 root - INFO - Entered get_data_transformer_object method of Transformation class
[ 2025-03-09 12:52:11,661 ] 53 root - INFO - Initialise KNNImputer with {'missing_values': nan, 'n_neighbors': 3, 'weights': 'uniform'}
[ 2025-03-09 12:52:11,726 ] 46 root - INFO - Entered the save_object method of MainUtils class
[ 2025-03-09 12:52:11,734 ] 50 root - INFO - Exited the save_object method of MainUtils class
[ 2025-03-09 12:52:11,734 ] 46 root - INFO - Entered the save_object method of MainUtils class
[ 2025-03-09 12:52:11,736 ] 50 root - INFO - Exited the save_object method of MainUtils class
[ 2025-03-09 12:52:11,740 ] 35 root - INFO - data Transformation completed
[ 2025-03-09 12:52:11,740 ] 37 root - INFO - Model Training sstared
