[ 2025-03-10 01:40:30,494 ] 42 root - INFO - Start data Ingestion
[ 2025-03-10 01:40:45,801 ] 65 root - INFO - Performed train test split on the dataframe
[ 2025-03-10 01:40:45,801 ] 67 root - INFO - Exited split_data_as_train_test method of Data_Ingestion class
[ 2025-03-10 01:40:45,801 ] 75 root - INFO - Exporting train and test file path.
[ 2025-03-10 01:40:45,916 ] 84 root - INFO - Exported train and test file path.
[ 2025-03-10 01:40:45,916 ] 45 root - INFO - Data Ingestion completed and artifact: DataIngestionArtifact(trained_file_path='Artifacts\\03_10_2025_01_40_00\\data_ingestion\\ingested\\train.csv', test_file_path='Artifacts\\03_10_2025_01_40_00\\data_ingestion\\ingested\\test.csv')
[ 2025-03-10 01:40:45,931 ] 55 root - INFO - Initiate the data Validation
[ 2025-03-10 01:40:46,023 ] 32 root - INFO - Required number of columns:2
[ 2025-03-10 01:40:46,023 ] 33 root - INFO - Data frame has columns:31
[ 2025-03-10 01:40:46,023 ] 32 root - INFO - Required number of columns:2
[ 2025-03-10 01:40:46,023 ] 33 root - INFO - Data frame has columns:31
[ 2025-03-10 01:40:46,267 ] 63 root - INFO - Entered initiate_data_transformation method of DataTransformation class
[ 2025-03-10 01:40:46,267 ] 65 root - INFO - Starting data transformation
[ 2025-03-10 01:40:46,303 ] 48 root - INFO - Entered get_data_transformer_object method of Transformation class
[ 2025-03-10 01:40:46,303 ] 53 root - INFO - Initialise KNNImputer with {'missing_values': nan, 'n_neighbors': 3, 'weights': 'uniform'}
[ 2025-03-10 01:40:46,327 ] 46 root - INFO - Entered the save_object method of MainUtils class
[ 2025-03-10 01:40:46,338 ] 50 root - INFO - Exited the save_object method of MainUtils class
[ 2025-03-10 01:40:46,338 ] 46 root - INFO - Entered the save_object method of MainUtils class
[ 2025-03-10 01:40:46,341 ] 50 root - INFO - Exited the save_object method of MainUtils class
[ 2025-03-10 01:50:09,890 ] 46 root - INFO - Entered the save_object method of MainUtils class
[ 2025-03-10 01:50:09,892 ] 50 root - INFO - Exited the save_object method of MainUtils class
[ 2025-03-10 01:50:09,893 ] 46 root - INFO - Entered the save_object method of MainUtils class
[ 2025-03-10 01:50:09,951 ] 50 root - INFO - Exited the save_object method of MainUtils class
[ 2025-03-10 01:50:09,951 ] 147 root - INFO - Model trainer artifact: ModelTrainerArtifact(trained_model_file_path='Artifacts\\03_10_2025_01_40_00\\model_trainer\\trained_model\\model.pkl', train_metric_artifact=ClassificationMetricArtifact(f1_score=0.9907642342433777, precision_score=0.9880566801619434, recall_score=0.9934866680236109), test_metric_artifact=ClassificationMetricArtifact(f1_score=0.9720447284345048, precision_score=0.9658730158730159, recall_score=0.9782958199356914))
