[ 2025-03-10 02:13:06,109 ] 42 root - INFO - Start data Ingestion
[ 2025-03-10 02:13:18,158 ] 65 root - INFO - Performed train test split on the dataframe
[ 2025-03-10 02:13:18,160 ] 67 root - INFO - Exited split_data_as_train_test method of Data_Ingestion class
[ 2025-03-10 02:13:18,262 ] 75 root - INFO - Exporting train and test file path.
[ 2025-03-10 02:13:20,721 ] 84 root - INFO - Exported train and test file path.
[ 2025-03-10 02:13:20,730 ] 45 root - INFO - Data Ingestion completed and artifact: DataIngestionArtifact(trained_file_path='Artifacts\\03_10_2025_02_11_20\\data_ingestion\\ingested\\train.csv', test_file_path='Artifacts\\03_10_2025_02_11_20\\data_ingestion\\ingested\\test.csv')
[ 2025-03-10 02:13:21,162 ] 55 root - INFO - Initiate the data Validation
[ 2025-03-10 02:13:21,537 ] 32 root - INFO - Required number of columns:2
[ 2025-03-10 02:13:21,539 ] 33 root - INFO - Data frame has columns:31
[ 2025-03-10 02:13:21,540 ] 32 root - INFO - Required number of columns:2
[ 2025-03-10 02:13:21,540 ] 33 root - INFO - Data frame has columns:31
[ 2025-03-10 02:13:25,239 ] 63 root - INFO - Entered initiate_data_transformation method of DataTransformation class
[ 2025-03-10 02:13:25,240 ] 65 root - INFO - Starting data transformation
[ 2025-03-10 02:13:25,644 ] 48 root - INFO - Entered get_data_transformer_object method of Transformation class
[ 2025-03-10 02:13:25,648 ] 53 root - INFO - Initialise KNNImputer with {'missing_values': nan, 'n_neighbors': 3, 'weights': 'uniform'}
[ 2025-03-10 02:13:25,804 ] 46 root - INFO - Entered the save_object method of MainUtils class
[ 2025-03-10 02:13:25,850 ] 50 root - INFO - Exited the save_object method of MainUtils class
[ 2025-03-10 02:13:25,851 ] 46 root - INFO - Entered the save_object method of MainUtils class
[ 2025-03-10 02:13:25,883 ] 50 root - INFO - Exited the save_object method of MainUtils class
[ 2025-03-10 02:23:23,441 ] 46 root - INFO - Entered the save_object method of MainUtils class
[ 2025-03-10 02:23:23,456 ] 50 root - INFO - Exited the save_object method of MainUtils class
[ 2025-03-10 02:23:23,457 ] 46 root - INFO - Entered the save_object method of MainUtils class
[ 2025-03-10 02:23:23,854 ] 50 root - INFO - Exited the save_object method of MainUtils class
[ 2025-03-10 02:23:23,856 ] 147 root - INFO - Model trainer artifact: ModelTrainerArtifact(trained_model_file_path='Artifacts\\03_10_2025_02_11_20\\model_trainer\\trained_model\\model.pkl', train_metric_artifact=ClassificationMetricArtifact(f1_score=0.9916372795969773, precision_score=0.9879542260590243, recall_score=0.9953478964401294), test_metric_artifact=ClassificationMetricArtifact(f1_score=0.9736191261335532, precision_score=0.9736191261335532, recall_score=0.9736191261335532))
