[ 2025-03-09 23:50:47,679 ] 1025 httpx - INFO - HTTP Request: GET https://dagshub.com/api/v1/user "HTTP/1.1 200 OK"
[ 2025-03-09 23:50:47,691 ] 107 dagshub - INFO - Accessing as sauravbisht17
[ 2025-03-09 23:50:48,388 ] 1025 httpx - INFO - HTTP Request: GET https://dagshub.com/api/v1/repos/sauravbisht17/Network_Security "HTTP/1.1 200 OK"
[ 2025-03-09 23:50:48,703 ] 1025 httpx - INFO - HTTP Request: GET https://dagshub.com/api/v1/user "HTTP/1.1 200 OK"
[ 2025-03-09 23:50:48,707 ] 107 dagshub - INFO - Initialized MLflow to track repo "sauravbisht17/Network_Security"
[ 2025-03-09 23:50:48,707 ] 107 dagshub - INFO - Repository sauravbisht17/Network_Security initialized!
[ 2025-03-09 23:50:48,754 ] 20 root - INFO - Initiate the data ingestion
[ 2025-03-09 23:50:52,757 ] 65 root - INFO - Performed train test split on the dataframe
[ 2025-03-09 23:50:52,757 ] 67 root - INFO - Exited split_data_as_train_test method of Data_Ingestion class
[ 2025-03-09 23:50:52,759 ] 75 root - INFO - Exporting train and test file path.
[ 2025-03-09 23:50:52,869 ] 84 root - INFO - Exported train and test file path.
[ 2025-03-09 23:50:52,869 ] 22 root - INFO - Data Initiation Completed
[ 2025-03-09 23:50:52,891 ] 26 root - INFO - Initiate the data Validation
[ 2025-03-09 23:50:52,973 ] 32 root - INFO - Required number of columns:2
[ 2025-03-09 23:50:52,973 ] 33 root - INFO - Data frame has columns:31
[ 2025-03-09 23:50:52,973 ] 32 root - INFO - Required number of columns:2
[ 2025-03-09 23:50:52,973 ] 33 root - INFO - Data frame has columns:31
[ 2025-03-09 23:50:53,226 ] 28 root - INFO - data Validation Completed
[ 2025-03-09 23:50:53,226 ] 31 root - INFO - data Transformation started
[ 2025-03-09 23:50:53,226 ] 63 root - INFO - Entered initiate_data_transformation method of DataTransformation class
[ 2025-03-09 23:50:53,226 ] 65 root - INFO - Starting data transformation
[ 2025-03-09 23:50:53,266 ] 48 root - INFO - Entered get_data_transformer_object method of Transformation class
[ 2025-03-09 23:50:53,266 ] 53 root - INFO - Initialise KNNImputer with {'missing_values': nan, 'n_neighbors': 3, 'weights': 'uniform'}
[ 2025-03-09 23:50:53,304 ] 46 root - INFO - Entered the save_object method of MainUtils class
[ 2025-03-09 23:50:53,307 ] 50 root - INFO - Exited the save_object method of MainUtils class
[ 2025-03-09 23:50:53,307 ] 46 root - INFO - Entered the save_object method of MainUtils class
[ 2025-03-09 23:50:53,316 ] 50 root - INFO - Exited the save_object method of MainUtils class
[ 2025-03-09 23:50:53,318 ] 35 root - INFO - data Transformation completed
[ 2025-03-09 23:50:53,318 ] 37 root - INFO - Model Training started
