[ 2025-03-09 12:37:39,357 ] 1025 httpx - INFO - HTTP Request: GET https://dagshub.com/api/v1/user "HTTP/1.1 200 OK"
[ 2025-03-09 12:37:39,359 ] 107 dagshub - INFO - Accessing as sauravbisht17
[ 2025-03-09 12:37:39,798 ] 1025 httpx - INFO - HTTP Request: GET https://dagshub.com/api/v1/repos/sauravbisht17/Network_Security "HTTP/1.1 200 OK"
[ 2025-03-09 12:37:40,004 ] 1025 httpx - INFO - HTTP Request: GET https://dagshub.com/api/v1/user "HTTP/1.1 200 OK"
[ 2025-03-09 12:37:40,008 ] 107 dagshub - INFO - Initialized MLflow to track repo "sauravbisht17/Network_Security"
[ 2025-03-09 12:37:40,008 ] 107 dagshub - INFO - Repository sauravbisht17/Network_Security initialized!
[ 2025-03-09 12:41:48,122 ] 42 root - INFO - Start data Ingestion
[ 2025-03-09 12:41:51,118 ] 65 root - INFO - Performed train test split on the dataframe
[ 2025-03-09 12:41:51,118 ] 67 root - INFO - Exited split_data_as_train_test method of Data_Ingestion class
[ 2025-03-09 12:41:51,118 ] 75 root - INFO - Exporting train and test file path.
[ 2025-03-09 12:41:51,219 ] 84 root - INFO - Exported train and test file path.
[ 2025-03-09 12:41:51,219 ] 45 root - INFO - Data Ingestion completed and artifact: DataIngestionArtifact(trained_file_path='Artifacts\\03_09_2025_12_37_32\\data_ingestion\\ingested\\train.csv', test_file_path='Artifacts\\03_09_2025_12_37_32\\data_ingestion\\ingested\\test.csv')
[ 2025-03-09 12:41:51,239 ] 55 root - INFO - Initiate the data Validation
[ 2025-03-09 12:41:51,315 ] 32 root - INFO - Required number of columns:2
[ 2025-03-09 12:41:51,315 ] 33 root - INFO - Data frame has columns:31
[ 2025-03-09 12:41:51,315 ] 32 root - INFO - Required number of columns:2
[ 2025-03-09 12:41:51,315 ] 33 root - INFO - Data frame has columns:31
[ 2025-03-09 12:41:51,537 ] 63 root - INFO - Entered initiate_data_transformation method of DataTransformation class
[ 2025-03-09 12:41:51,537 ] 65 root - INFO - Starting data transformation
[ 2025-03-09 12:41:51,567 ] 48 root - INFO - Entered get_data_transformer_object method of Transformation class
[ 2025-03-09 12:41:51,569 ] 53 root - INFO - Initialise KNNImputer with {'missing_values': nan, 'n_neighbors': 3, 'weights': 'uniform'}
[ 2025-03-09 12:41:51,590 ] 46 root - INFO - Entered the save_object method of MainUtils class
[ 2025-03-09 12:41:51,595 ] 50 root - INFO - Exited the save_object method of MainUtils class
[ 2025-03-09 12:41:51,595 ] 46 root - INFO - Entered the save_object method of MainUtils class
[ 2025-03-09 12:41:51,601 ] 50 root - INFO - Exited the save_object method of MainUtils class
