[ 2025-03-09 14:15:49,143 ] 1025 httpx - INFO - HTTP Request: GET https://dagshub.com/api/v1/user "HTTP/1.1 200 OK"
[ 2025-03-09 14:15:49,156 ] 107 dagshub - INFO - Accessing as sauravbisht17
[ 2025-03-09 14:15:49,379 ] 1025 httpx - INFO - HTTP Request: GET https://dagshub.com/api/v1/repos/sauravbisht17/Network_Security "HTTP/1.1 200 OK"
[ 2025-03-09 14:15:49,536 ] 1025 httpx - INFO - HTTP Request: GET https://dagshub.com/api/v1/user "HTTP/1.1 200 OK"
[ 2025-03-09 14:15:49,541 ] 107 dagshub - INFO - Initialized MLflow to track repo "sauravbisht17/Network_Security"
[ 2025-03-09 14:15:49,543 ] 107 dagshub - INFO - Repository sauravbisht17/Network_Security initialized!
[ 2025-03-09 14:15:49,545 ] 20 root - INFO - Initiate the data ingestion
[ 2025-03-09 14:15:54,460 ] 65 root - INFO - Performed train test split on the dataframe
[ 2025-03-09 14:15:54,460 ] 67 root - INFO - Exited split_data_as_train_test method of Data_Ingestion class
[ 2025-03-09 14:15:54,461 ] 75 root - INFO - Exporting train and test file path.
[ 2025-03-09 14:15:54,551 ] 84 root - INFO - Exported train and test file path.
[ 2025-03-09 14:15:54,552 ] 22 root - INFO - Data Initiation Completed
[ 2025-03-09 14:15:54,564 ] 26 root - INFO - Initiate the data Validation
[ 2025-03-09 14:15:54,632 ] 32 root - INFO - Required number of columns:2
[ 2025-03-09 14:15:54,632 ] 33 root - INFO - Data frame has columns:31
[ 2025-03-09 14:15:54,632 ] 32 root - INFO - Required number of columns:2
[ 2025-03-09 14:15:54,632 ] 33 root - INFO - Data frame has columns:31
[ 2025-03-09 14:15:54,862 ] 28 root - INFO - data Validation Completed
[ 2025-03-09 14:15:54,863 ] 31 root - INFO - data Transformation started
[ 2025-03-09 14:15:54,863 ] 63 root - INFO - Entered initiate_data_transformation method of DataTransformation class
[ 2025-03-09 14:15:54,863 ] 65 root - INFO - Starting data transformation
[ 2025-03-09 14:15:54,890 ] 48 root - INFO - Entered get_data_transformer_object method of Transformation class
[ 2025-03-09 14:15:54,890 ] 53 root - INFO - Initialise KNNImputer with {'missing_values': nan, 'n_neighbors': 3, 'weights': 'uniform'}
[ 2025-03-09 14:15:54,910 ] 46 root - INFO - Entered the save_object method of MainUtils class
[ 2025-03-09 14:15:54,915 ] 50 root - INFO - Exited the save_object method of MainUtils class
[ 2025-03-09 14:15:54,915 ] 46 root - INFO - Entered the save_object method of MainUtils class
[ 2025-03-09 14:15:54,920 ] 50 root - INFO - Exited the save_object method of MainUtils class
[ 2025-03-09 14:15:54,920 ] 35 root - INFO - data Transformation completed
[ 2025-03-09 14:15:54,920 ] 37 root - INFO - Model Training sstared
